<?xml version="1.0" encoding="UTF-8"?>
<testng-results ignored="2" total="3" passed="1" failed="0" skipped="0">
  <reporter-output>
  </reporter-output>
  <suite started-at="2024-11-28T09:51:14 IST" name="Default suite" finished-at="2024-11-28T09:51:18 IST" duration-ms="4016">
    <groups>
    </groups>
    <test started-at="2024-11-28T09:51:14 IST" name="Default test" finished-at="2024-11-28T09:51:18 IST" duration-ms="4016">
      <class name="Test.firstClass">
        <test-method is-config="true" signature="InitWebDriver()[pri:0, instance:Test.firstClass@294425a7]" started-at="2024-11-28T09:51:14 IST" name="InitWebDriver" finished-at="2024-11-28T09:51:16 IST" duration-ms="2497" status="PASS">
          <reporter-output>
          </reporter-output>
        </test-method> <!-- InitWebDriver -->
        <test-method signature="testPass()[pri:0, instance:Test.firstClass@294425a7]" started-at="2024-11-28T09:51:16 IST" name="testPass" finished-at="2024-11-28T09:51:17 IST" duration-ms="1376" status="PASS">
          <reporter-output>
          </reporter-output>
        </test-method> <!-- testPass -->
        <test-method is-config="true" signature="CloseWD()[pri:0, instance:Test.firstClass@294425a7]" started-at="2024-11-28T09:51:17 IST" name="CloseWD" finished-at="2024-11-28T09:51:18 IST" duration-ms="111" status="PASS">
          <reporter-output>
          </reporter-output>
        </test-method> <!-- CloseWD -->
      </class> <!-- Test.firstClass -->
    </test> <!-- Default test -->
  </suite> <!-- Default suite -->
</testng-results>
