<?xml version="1.0" encoding="UTF-8"?>
<!-- Generated by org.testng.reporters.JUnitXMLReporter -->
<testsuite ignored="2" hostname="DABBUSINGH" failures="0" tests="1" name="Default test" time="4.016" errors="0" timestamp="2024-11-28T09:51:18 IST">
  <testcase classname="Test.firstClass" name="testPass" time="1.376"/>
  <testcase classname="Test.firstClass" name="testFail" time="0.0">
    <ignored/>
  </testcase> <!-- testFail -->
  <testcase classname="Test.firstClass" name="testSkip" time="0.0">
    <ignored/>
  </testcase> <!-- testSkip -->
</testsuite> <!-- Default test -->
